# JRE version: OpenJDK Runtime Environment (10.0.2+13) (build 10.0.2+13-Ubuntu-1ubuntu0.18.04.2)
# Java VM: OpenJDK 64-Bit Server VM (10.0.2+13-Ubuntu-1ubuntu0.18.04.2, mixed mode, tiered, compressed oops, g1 gc, linux-amd64)
Heap:
 garbage-first heap   total 687104K, used 268800K [0x00000000c0000000, 0x0000000100000000)
  region size 1024K, 4 young (4096K), 4 survivors (4096K)
 Metaspace       used 44646K, capacity 46943K, committed 47128K, reserved 1091584K
  class space    used 4289K, capacity 5092K, committed 5196K, reserved 1048576K
GC Heap History (10 events):
Event: 49.476 GC heap after
{Heap after GC invocations=47 (full 0):
 garbage-first heap   total 595968K, used 185800K [0x00000000c0000000, 0x0000000100000000)
  region size 1024K, 9 young (9216K), 9 survivors (9216K)
 Metaspace       used 44205K, capacity 46523K, committed 46744K, reserved 1091584K
  class space    used 4254K, capacity 5060K, committed 5068K, reserved 1048576K
}
Event: 51.204 GC heap before
{Heap before GC invocations=47 (full 0):
 garbage-first heap   total 595968K, used 274888K [0x00000000c0000000, 0x0000000100000000)
  region size 1024K, 96 young (98304K), 9 survivors (9216K)
 Metaspace       used 44205K, capacity 46523K, committed 46744K, reserved 1091584K
  class space    used 4254K, capacity 5060K, committed 5068K, reserved 1048576K
}
Event: 51.540 GC heap after
{Heap after GC invocations=48 (full 0):
 garbage-first heap   total 595968K, used 193965K [0x00000000c0000000, 0x0000000100000000)
  region size 1024K, 9 young (9216K), 9 survivors (9216K)
 Metaspace       used 44205K, capacity 46523K, committed 46744K, reserved 1091584K
  class space    used 4254K, capacity 5060K, committed 5068K, reserved 1048576K
}
Event: 52.425 GC heap before
{Heap before GC invocations=48 (full 0):
 garbage-first heap   total 595968K, used 234925K [0x00000000c0000000, 0x0000000100000000)
  region size 1024K, 49 young (50176K), 9 survivors (9216K)
 Metaspace       used 44221K, capacity 46523K, committed 46744K, reserved 1091584K
  class space    used 4254K, capacity 5060K, committed 5068K, reserved 1048576K
}
Event: 52.491 GC heap after
{Heap after GC invocations=49 (full 0):
 garbage-first heap   total 595968K, used 197207K [0x00000000c0000000, 0x0000000100000000)
  region size 1024K, 4 young (4096K), 4 survivors (4096K)
 Metaspace       used 44221K, capacity 46523K, committed 46744K, reserved 1091584K
  class space    used 4254K, capacity 5060K, committed 5068K, reserved 1048576K
}
Event: 54.416 GC heap before
{Heap before GC invocations=49 (full 0):
 garbage-first heap   total 595968K, used 243287K [0x00000000c0000000, 0x0000000100000000)
  region size 1024K, 37 young (37888K), 4 survivors (4096K)
 Metaspace       used 44235K, capacity 46523K, committed 46744K, reserved 1091584K
  class space    used 4255K, capacity 5060K, committed 5068K, reserved 1048576K
}
Event: 54.556 GC heap after
{Heap after GC invocations=50 (full 0):
 garbage-first heap   total 595968K, used 227328K [0x00000000c0000000, 0x0000000100000000)
  region size 1024K, 5 young (5120K), 5 survivors (5120K)
 Metaspace       used 44235K, capacity 46523K, committed 46744K, reserved 1091584K
  class space    used 4255K, capacity 5060K, committed 5068K, reserved 1048576K
}
Event: 56.601 GC heap before
{Heap before GC invocations=50 (full 0):
 garbage-first heap   total 595968K, used 264192K [0x00000000c0000000, 0x0000000100000000)
  region size 1024K, 29 young (29696K), 5 survivors (5120K)
 Metaspace       used 44261K, capacity 46587K, committed 46744K, reserved 1091584K
  class space    used 4255K, capacity 5060K, committed 5068K, reserved 1048576K
}
Event: 56.902 GC heap after
{Heap after GC invocations=51 (full 0):
 garbage-first heap   total 595968K, used 262656K [0x00000000c0000000, 0x0000000100000000)
  region size 1024K, 4 young (4096K), 4 survivors (4096K)
 Metaspace       used 44261K, capacity 46587K, committed 46744K, reserved 1091584K
  class space    used 4255K, capacity 5060K, committed 5068K, reserved 1048576K
}
Event: 1375.677 GC heap before
{Heap before GC invocations=51 (full 0):
 garbage-first heap   total 595968K, used 288256K [0x00000000c0000000, 0x0000000100000000)
  region size 1024K, 29 young (29696K), 4 survivors (4096K)
 Metaspace       used 44646K, capacity 46943K, committed 47128K, reserved 1091584K
  class space    used 4289K, capacity 5092K, committed 5196K, reserved 1048576K
}

